mode: set
redditclone/pkg/database/databasePost.go:25.95,28.23 3 0
redditclone/pkg/database/databasePost.go:31.2,32.20 2 0
redditclone/pkg/database/databasePost.go:35.2,36.23 2 0
redditclone/pkg/database/databasePost.go:39.2,41.8 1 0
redditclone/pkg/database/databasePost.go:28.23,30.3 1 0
redditclone/pkg/database/databasePost.go:32.20,34.3 1 0
redditclone/pkg/database/databasePost.go:36.23,38.3 1 0
redditclone/pkg/database/databasePost.go:44.43,46.2 1 0
redditclone/pkg/database/databasePost.go:48.63,51.2 2 0
redditclone/pkg/database/databasePost.go:53.73,55.2 1 0
redditclone/pkg/database/databasePost.go:57.118,59.16 2 0
redditclone/pkg/database/databasePost.go:62.2,63.8 2 0
redditclone/pkg/database/databasePost.go:59.16,61.3 1 0
redditclone/pkg/database/databasePost.go:66.64,69.2 2 0
redditclone/pkg/database/databasePost.go:71.59,74.2 2 0
redditclone/pkg/database/databaseUser.go:15.73,18.20 3 0
redditclone/pkg/database/databaseUser.go:21.2,23.23 3 0
redditclone/pkg/database/databaseUser.go:26.2,26.41 1 0
redditclone/pkg/database/databaseUser.go:18.20,20.3 1 0
redditclone/pkg/database/databaseUser.go:23.23,25.3 1 0
redditclone/pkg/database/databaseUser.go:29.38,31.2 1 0
redditclone/pkg/database/databaseUser.go:33.65,39.16 2 1
redditclone/pkg/database/databaseUser.go:42.2,42.8 1 1
redditclone/pkg/database/databaseUser.go:39.16,41.3 1 1
redditclone/pkg/database/databaseUser.go:45.72,49.2 3 1
redditclone/pkg/database/repoPost.go:33.98,36.16 3 1
redditclone/pkg/database/repoPost.go:39.2,40.28 2 1
redditclone/pkg/database/repoPost.go:46.2,52.8 1 1
redditclone/pkg/database/repoPost.go:36.16,38.3 1 1
redditclone/pkg/database/repoPost.go:40.28,42.21 2 1
redditclone/pkg/database/repoPost.go:42.21,44.4 1 1
redditclone/pkg/database/repoPost.go:55.47,57.9 2 1
redditclone/pkg/database/repoPost.go:60.2,61.17 2 1
redditclone/pkg/database/repoPost.go:65.2,65.13 1 1
redditclone/pkg/database/repoPost.go:57.9,59.3 1 1
redditclone/pkg/database/repoPost.go:61.17,64.3 2 1
redditclone/pkg/database/repoPost.go:68.49,70.9 2 1
redditclone/pkg/database/repoPost.go:73.2,74.13 2 1
redditclone/pkg/database/repoPost.go:70.9,72.3 1 1
redditclone/pkg/database/repoPost.go:77.58,78.16 1 1
redditclone/pkg/database/repoPost.go:81.2,86.16 6 1
redditclone/pkg/database/repoPost.go:90.2,91.8 2 1
redditclone/pkg/database/repoPost.go:78.16,80.3 1 1
redditclone/pkg/database/repoPost.go:86.16,89.3 2 1
redditclone/pkg/database/repoPost.go:94.52,100.2 5 1
redditclone/pkg/database/repoPost.go:102.68,107.2 4 1
redditclone/pkg/database/repoPost.go:109.60,114.2 4 1
redditclone/pkg/database/repoPost.go:116.49,120.16 4 1
redditclone/pkg/database/repoPost.go:123.2,124.13 2 1
redditclone/pkg/database/repoPost.go:120.16,122.3 1 1
redditclone/pkg/database/repoPost.go:127.59,129.16 2 1
redditclone/pkg/database/repoPost.go:132.2,132.19 1 1
redditclone/pkg/database/repoPost.go:129.16,131.3 1 1
redditclone/pkg/database/repoPost.go:135.76,139.20 4 1
redditclone/pkg/database/repoPost.go:142.2,142.20 1 1
redditclone/pkg/database/repoPost.go:145.2,146.16 2 1
redditclone/pkg/database/repoPost.go:149.2,150.24 2 1
redditclone/pkg/database/repoPost.go:139.20,141.3 1 1
redditclone/pkg/database/repoPost.go:142.20,144.3 1 1
redditclone/pkg/database/repoPost.go:146.16,148.3 1 1
redditclone/pkg/database/repoUser.go:18.62,23.2 1 1
redditclone/pkg/database/repoUser.go:25.59,29.16 4 1
redditclone/pkg/database/repoUser.go:32.2,32.8 1 1
redditclone/pkg/database/repoUser.go:29.16,31.3 1 1
redditclone/pkg/database/repoUser.go:35.66,39.16 4 1
redditclone/pkg/database/repoUser.go:42.2,42.18 1 1
redditclone/pkg/database/repoUser.go:39.16,41.3 1 1
