mode: set
redditclone/pkg/handlers/handlersUser.go:25.38,31.2 1 1
redditclone/pkg/handlers/handlersUser.go:33.72,35.9 2 1
redditclone/pkg/handlers/handlersUser.go:40.2,43.25 4 1
redditclone/pkg/handlers/handlersUser.go:50.2,51.48 2 1
redditclone/pkg/handlers/handlersUser.go:68.2,69.19 2 1
redditclone/pkg/handlers/handlersUser.go:76.2,77.21 2 1
redditclone/pkg/handlers/handlersUser.go:84.2,85.20 2 1
redditclone/pkg/handlers/handlersUser.go:92.2,93.23 2 1
redditclone/pkg/handlers/handlersUser.go:100.2,102.15 3 1
redditclone/pkg/handlers/handlersUser.go:35.9,39.3 3 1
redditclone/pkg/handlers/handlersUser.go:43.25,49.3 2 1
redditclone/pkg/handlers/handlersUser.go:51.48,58.24 2 1
redditclone/pkg/handlers/handlersUser.go:65.3,66.9 2 1
redditclone/pkg/handlers/handlersUser.go:58.24,64.4 2 0
redditclone/pkg/handlers/handlersUser.go:69.19,75.3 2 1
redditclone/pkg/handlers/handlersUser.go:77.21,83.3 2 0
redditclone/pkg/handlers/handlersUser.go:85.20,91.3 2 1
redditclone/pkg/handlers/handlersUser.go:93.23,99.3 2 0
redditclone/pkg/handlers/handlersUser.go:105.69,107.9 2 1
redditclone/pkg/handlers/handlersUser.go:112.2,115.25 4 1
redditclone/pkg/handlers/handlersUser.go:122.2,123.66 2 1
redditclone/pkg/handlers/handlersUser.go:142.2,143.21 2 1
redditclone/pkg/handlers/handlersUser.go:150.2,151.20 2 1
redditclone/pkg/handlers/handlersUser.go:158.2,159.23 2 1
redditclone/pkg/handlers/handlersUser.go:166.2,168.15 3 1
redditclone/pkg/handlers/handlersUser.go:107.9,111.3 3 1
redditclone/pkg/handlers/handlersUser.go:115.25,121.3 2 1
redditclone/pkg/handlers/handlersUser.go:123.66,125.10 2 1
redditclone/pkg/handlers/handlersUser.go:131.3,132.24 2 1
redditclone/pkg/handlers/handlersUser.go:139.3,140.9 2 1
redditclone/pkg/handlers/handlersUser.go:125.10,127.4 1 1
redditclone/pkg/handlers/handlersUser.go:127.9,130.4 2 1
redditclone/pkg/handlers/handlersUser.go:132.24,138.4 2 0
redditclone/pkg/handlers/handlersUser.go:143.21,149.3 2 0
redditclone/pkg/handlers/handlersUser.go:151.20,157.3 2 1
redditclone/pkg/handlers/handlersUser.go:159.23,165.3 2 0
redditclone/pkg/handlers/handlersVotes.go:16.89,18.9 2 1
redditclone/pkg/handlers/handlersVotes.go:23.2,25.19 3 1
redditclone/pkg/handlers/handlersVotes.go:28.2,28.30 1 1
redditclone/pkg/handlers/handlersVotes.go:36.2,38.19 3 1
redditclone/pkg/handlers/handlersVotes.go:42.2,42.31 1 1
redditclone/pkg/handlers/handlersVotes.go:52.2,52.10 1 1
redditclone/pkg/handlers/handlersVotes.go:55.2,57.22 3 1
redditclone/pkg/handlers/handlersVotes.go:61.2,62.9 2 1
redditclone/pkg/handlers/handlersVotes.go:65.2,66.16 2 1
redditclone/pkg/handlers/handlersVotes.go:69.2,71.12 3 1
redditclone/pkg/handlers/handlersVotes.go:18.9,22.3 3 1
redditclone/pkg/handlers/handlersVotes.go:25.19,27.3 1 1
redditclone/pkg/handlers/handlersVotes.go:28.30,35.3 2 1
redditclone/pkg/handlers/handlersVotes.go:38.19,41.3 2 1
redditclone/pkg/handlers/handlersVotes.go:42.31,43.30 1 1
redditclone/pkg/handlers/handlersVotes.go:43.30,44.12 1 1
redditclone/pkg/handlers/handlersVotes.go:49.4,49.53 1 1
redditclone/pkg/handlers/handlersVotes.go:44.12,47.10 3 1
redditclone/pkg/handlers/handlersVotes.go:52.10,54.3 1 1
redditclone/pkg/handlers/handlersVotes.go:57.22,60.3 2 1
redditclone/pkg/handlers/handlersVotes.go:62.9,64.3 1 1
redditclone/pkg/handlers/handlersVotes.go:66.16,68.3 1 0
redditclone/pkg/handlers/handlersVotes.go:74.76,76.16 2 1
redditclone/pkg/handlers/handlersVotes.go:76.16,81.3 1 1
redditclone/pkg/handlers/handlersVotes.go:84.78,86.16 2 1
redditclone/pkg/handlers/handlersVotes.go:86.16,91.3 1 1
redditclone/pkg/handlers/handlersVotes.go:94.81,96.16 2 1
redditclone/pkg/handlers/handlersVotes.go:96.16,101.3 1 1
redditclone/pkg/handlers/handlersComment.go:19.74,23.19 4 1
redditclone/pkg/handlers/handlersComment.go:30.2,31.9 2 1
redditclone/pkg/handlers/handlersComment.go:36.2,41.25 4 1
redditclone/pkg/handlers/handlersComment.go:48.2,48.53 1 1
redditclone/pkg/handlers/handlersComment.go:74.2,74.26 1 1
redditclone/pkg/handlers/handlersComment.go:82.2,83.19 2 1
redditclone/pkg/handlers/handlersComment.go:91.2,100.22 5 1
redditclone/pkg/handlers/handlersComment.go:107.2,108.16 2 1
redditclone/pkg/handlers/handlersComment.go:115.2,116.18 2 1
redditclone/pkg/handlers/handlersComment.go:23.19,29.3 2 1
redditclone/pkg/handlers/handlersComment.go:31.9,35.3 3 1
redditclone/pkg/handlers/handlersComment.go:41.25,47.3 2 1
redditclone/pkg/handlers/handlersComment.go:48.53,50.25 2 1
redditclone/pkg/handlers/handlersComment.go:63.3,64.24 2 1
redditclone/pkg/handlers/handlersComment.go:71.3,72.9 2 1
redditclone/pkg/handlers/handlersComment.go:50.25,56.4 1 1
redditclone/pkg/handlers/handlersComment.go:56.9,62.4 1 1
redditclone/pkg/handlers/handlersComment.go:64.24,70.4 2 0
redditclone/pkg/handlers/handlersComment.go:74.26,81.3 2 1
redditclone/pkg/handlers/handlersComment.go:83.19,90.3 3 1
redditclone/pkg/handlers/handlersComment.go:100.22,106.3 2 1
redditclone/pkg/handlers/handlersComment.go:108.16,114.3 2 0
redditclone/pkg/handlers/handlersComment.go:119.77,122.22 3 1
redditclone/pkg/handlers/handlersComment.go:129.2,130.25 2 1
redditclone/pkg/handlers/handlersComment.go:137.2,138.9 2 1
redditclone/pkg/handlers/handlersComment.go:143.2,143.30 1 1
redditclone/pkg/handlers/handlersComment.go:151.2,153.35 3 1
redditclone/pkg/handlers/handlersComment.go:181.2,182.10 2 1
redditclone/pkg/handlers/handlersComment.go:190.2,191.23 2 1
redditclone/pkg/handlers/handlersComment.go:198.2,199.14 2 1
redditclone/pkg/handlers/handlersComment.go:122.22,128.3 2 1
redditclone/pkg/handlers/handlersComment.go:130.25,136.3 2 1
redditclone/pkg/handlers/handlersComment.go:138.9,142.3 3 1
redditclone/pkg/handlers/handlersComment.go:143.30,150.3 2 1
redditclone/pkg/handlers/handlersComment.go:153.35,154.26 1 1
redditclone/pkg/handlers/handlersComment.go:154.26,155.78 1 1
redditclone/pkg/handlers/handlersComment.go:167.4,170.24 4 1
redditclone/pkg/handlers/handlersComment.go:178.4,178.9 1 1
redditclone/pkg/handlers/handlersComment.go:155.78,166.5 4 1
redditclone/pkg/handlers/handlersComment.go:170.24,177.5 3 1
redditclone/pkg/handlers/handlersComment.go:182.10,189.3 2 1
redditclone/pkg/handlers/handlersComment.go:191.23,197.3 2 0
redditclone/pkg/handlers/handlersPost.go:19.71,22.9 3 1
redditclone/pkg/handlers/handlersPost.go:27.2,29.25 3 1
redditclone/pkg/handlers/handlersPost.go:36.2,41.19 6 1
redditclone/pkg/handlers/handlersPost.go:46.2,48.24 3 1
redditclone/pkg/handlers/handlersPost.go:55.2,56.17 2 1
redditclone/pkg/handlers/handlersPost.go:22.9,26.3 3 1
redditclone/pkg/handlers/handlersPost.go:29.25,35.3 2 1
redditclone/pkg/handlers/handlersPost.go:41.19,45.3 3 1
redditclone/pkg/handlers/handlersPost.go:48.24,54.3 2 0
redditclone/pkg/handlers/handlersPost.go:59.71,63.19 4 1
redditclone/pkg/handlers/handlersPost.go:70.2,70.26 1 1
redditclone/pkg/handlers/handlersPost.go:78.2,79.19 2 1
redditclone/pkg/handlers/handlersPost.go:87.2,89.22 3 1
redditclone/pkg/handlers/handlersPost.go:97.2,98.9 2 1
redditclone/pkg/handlers/handlersPost.go:105.2,106.16 2 1
redditclone/pkg/handlers/handlersPost.go:113.2,114.18 2 1
redditclone/pkg/handlers/handlersPost.go:63.19,69.3 2 1
redditclone/pkg/handlers/handlersPost.go:70.26,77.3 2 1
redditclone/pkg/handlers/handlersPost.go:79.19,86.3 3 1
redditclone/pkg/handlers/handlersPost.go:89.22,96.3 3 1
redditclone/pkg/handlers/handlersPost.go:98.9,104.3 2 1
redditclone/pkg/handlers/handlersPost.go:106.16,112.3 2 0
redditclone/pkg/handlers/handlersPost.go:117.69,119.16 2 1
redditclone/pkg/handlers/handlersPost.go:126.2,127.19 2 1
redditclone/pkg/handlers/handlersPost.go:119.16,125.3 2 1
redditclone/pkg/handlers/handlersPost.go:130.74,133.19 3 1
redditclone/pkg/handlers/handlersPost.go:140.2,141.16 2 1
redditclone/pkg/handlers/handlersPost.go:148.2,149.27 2 1
redditclone/pkg/handlers/handlersPost.go:133.19,139.3 2 1
redditclone/pkg/handlers/handlersPost.go:141.16,147.3 2 1
redditclone/pkg/handlers/handlersPost.go:152.73,155.19 3 1
redditclone/pkg/handlers/handlersPost.go:162.2,163.16 2 1
redditclone/pkg/handlers/handlersPost.go:170.2,171.27 2 1
redditclone/pkg/handlers/handlersPost.go:155.19,161.3 2 1
redditclone/pkg/handlers/handlersPost.go:163.16,169.3 2 1
redditclone/pkg/handlers/handlersPost.go:174.74,177.19 3 1
redditclone/pkg/handlers/handlersPost.go:184.2,185.9 2 1
redditclone/pkg/handlers/handlersPost.go:190.2,190.30 1 1
redditclone/pkg/handlers/handlersPost.go:198.2,199.19 2 1
redditclone/pkg/handlers/handlersPost.go:207.2,207.76 1 1
redditclone/pkg/handlers/handlersPost.go:216.2,218.9 3 1
redditclone/pkg/handlers/handlersPost.go:225.2,229.3 1 1
redditclone/pkg/handlers/handlersPost.go:177.19,183.3 2 1
redditclone/pkg/handlers/handlersPost.go:185.9,189.3 3 1
redditclone/pkg/handlers/handlersPost.go:190.30,197.3 2 1
redditclone/pkg/handlers/handlersPost.go:199.19,206.3 3 1
redditclone/pkg/handlers/handlersPost.go:207.76,215.3 3 1
redditclone/pkg/handlers/handlersPost.go:218.9,224.3 2 1
